<?xml version="1.0" encoding="UTF-8"?>
<!-- Generated by org.testng.reporters.JUnitReportReporter -->
<testsuite hostname="DESKTOP-MD8Q4RB" failures="0" tests="2" name="TestCases.SearchPageTest" time="67.951" errors="0" timestamp="2020-07-23T21:52:50 IST" skipped="0">
  <testcase classname="TestCases.SearchPageTest" name="search" time="37.346"/>
  <testcase classname="TestCases.SearchPageTest" name="search" time="30.605"/>
</testsuite> <!-- TestCases.SearchPageTest -->
