<?xml version="1.0" encoding="UTF-8"?>
<!-- Generated by org.testng.reporters.JUnitReportReporter -->
<testsuite hostname="DESKTOP-MD8Q4RB" failures="0" tests="1" name="TestCases.HomePageTest" time="27.385" errors="0" timestamp="2020-07-22T22:10:42 IST" skipped="0">
  <testcase classname="TestCases.HomePageTest" name="searchbutton" time="27.385"/>
</testsuite> <!-- TestCases.HomePageTest -->
