<?xml version="1.0" encoding="UTF-8"?>
<!-- Generated by org.testng.reporters.JUnitReportReporter -->
<testsuite hostname="DESKTOP-MD8Q4RB" failures="0" tests="1" name="com.amazon.qa.pages.LoginPage" time="16.761" errors="0" timestamp="2020-07-22T20:00:05 IST" skipped="0">
  <testcase classname="com.amazon.qa.pages.LoginPage" name="launchBrowser" time="16.761"/>
</testsuite> <!-- com.amazon.qa.pages.LoginPage -->
