<?xml version="1.0" encoding="UTF-8"?>
<!-- Generated by org.testng.reporters.JUnitReportReporter -->
<testsuite hostname="DESKTOP-MD8Q4RB" failures="0" tests="1" name="TestCases.LoginPageTest" time="45.976" errors="0" timestamp="2020-07-22T22:09:03 IST" skipped="0">
  <testcase classname="TestCases.LoginPageTest" name="loginid" time="45.976"/>
</testsuite> <!-- TestCases.LoginPageTest -->
