<?xml version="1.0" encoding="UTF-8"?>
<!-- Generated by org.testng.reporters.JUnitReportReporter -->
<testsuite hostname="DESKTOP-MD8Q4RB" failures="0" tests="1" name="com.amazon.qa.base.BaseClass" time="14.323" errors="0" timestamp="2020-07-22T17:47:31 IST" skipped="0">
  <testcase classname="com.amazon.qa.base.BaseClass" name="launchBrowser" time="14.323"/>
</testsuite> <!-- com.amazon.qa.base.BaseClass -->
